<?xml version="1.0" encoding="UTF-8"?>
<testsuite name="org.guardtime.KsiSignatureWrapperTest" tests="4" skipped="0" failures="0" errors="0" timestamp="2020-07-17T11:37:59" hostname="debian" time="1.479">
  <properties/>
  <testcase name="test_serializeAndDeserialize()" classname="org.guardtime.KsiSignatureWrapperTest" time="1.381"/>
  <testcase name="test_asState()" classname="org.guardtime.KsiSignatureWrapperTest" time="0.022"/>
  <testcase name="test_newFromKSI()" classname="org.guardtime.KsiSignatureWrapperTest" time="0.025"/>
  <testcase name="test_newFromBase64()" classname="org.guardtime.KsiSignatureWrapperTest" time="0.031"/>
  <system-out><![CDATA[splitting key gt:2   [gt, 2]
{"ksig":"iAAE5YgBAF0CBFPbpwIDAQ8DBANu/98DAQMFIQERpwCwyAZsR+y6Be03vBTcrbI4VS2Gxlk0LR1+h7h3LQYBAQcjAiEBAQEBAQEBAQEBAQEBAQEBAQEBAQEBAQEBAQEBAQEBAQGIAQPYAgRT26cCAwEPAwQDbv/fBSEB0fUFNWEdvsdx96L1Qu/GY6atjCUMjo8sJ26pulXSfaEGAQEHIgEBDQMdAwAHMzYtdGVzdAAAAAAAAAAAAAAAAAAAAAAAAAAHJgEBAQIhAeyX7jHMcb3ITZWCpPiMflykQ87Q5VqelxaLC2iASKduByMCIQEAAAAAAAAAAAAAAAAAAAAAAAAAAAAAAAAAAAAAAAAAAAcjAiEBAAAAAAAAAAAAAAAAAAAAAAAAAAAAAAAAAAAAAAAAAAAHIwIhAQAAAAAAAAAAAAAAAAAAAAAAAAAAAAAAAAAAAAAAAAAACCMCIQEAAAAAAAAAAAAAAAAAAAAAAAAAAAAAAAAAAAAAAAAAAAcjAiEBAAAAAAAAAAAAAAAAAAAAAAAAAAAAAAAAAAAAAAAAAAAHIwIhAQAAAAAAAAAAAAAAAAAAAAAAAAAAAAAAAAAAAAAAAAAAByIBAQYDHQMABXRlc3RBAAAAAAAAAAAAAAAAAAAAAAAAAAAAByYBAQcCIQEAAAAAAAAAAAAAAAAAAAAAAAAAAAAAAAAAAAAAAAAAAAcjAiEBAAAAAAAAAAAAAAAAAAAAAAAAAAAAAAAAAAAAAAAAAAAHIwIhAQAAAAAAAAAAAAAAAAAAAAAAAAAAAAAAAAAAAAAAAAAAByMCIQEAAAAAAAAAAAAAAAAAAAAAAAAAAAAAAAAAAAAAAAAAAAcjAiEBAAAAAAAAAAAAAAAAAAAAAAAAAAAAAAAAAAAAAAAAAAAHIwIhASVwk89CKMWzkzhwkFbzBSc5PwUjvjaWQK1BzdW6d+IkByIBAQcDHQMAAkdUAAAAAAAAAAAAAAAAAAAAAAAAAAAAAAAACCYBAQcCIQEcolXjqqvxrhe4DIgamBl2q8BTSIl0eXMcpsnYnkEb1QcjAiEBAAAAAAAAAAAAAAAAAAAAAAAAAAAAAAAAAAAAAAAAAAAHIwIhAQAAAAAAAAAAAAAAAAAAAAAAAAAAAAAAAAAAAAAAAAAAByMCIQEAAAAAAAAAAAAAAAAAAAAAAAAAAAAAAAAAAAAAAAAAAAgjAiEBp80P7jSUU9gFeLWEFPQcJiPTchxPN431aw53a3LdFEoHIwIhAQAAAAAAAAAAAAAAAAAAAAAAAAAAAAAAAAAAAAAAAAAAByMCIQGSHSy+Twv5NMnDymxKadFTTeZFrih7DcbAU9tJzhXypggjAiEB1G4vssrBl2NPKMosFyGmcIsyfWoPjqwxqO7q6pRyiaMHIwIhAcuhQ6JujLbx9XJjInDf5iadYS0lZPIV6G4TY3lvSuGdiAEApAIEU9unAgMBDwUhAXpVPUrJmQcljhgV7D0VbwfMGwrorLrzyi8CAbzyU1c6BgEBByYBAQ0CIQEAAAAAAAAAAAAAAAAAAAAAAAAAAAAAAAAAAAAAAAAAAAcmAQEuAiEBIiZVeEZBFPE+RS29ABOv2V7ZGJ/4jzaP1paZsYzEqq0HIwIhAWQYEq2N7RAkCJoBjm/ADZJ2b5qQHT3rMCaW4T86sH5I","org":"gt","block":2,"splitKey":["gt","2"],"extended":false}
splitting key gt:2   [gt, 2]
]]></system-out>
  <system-err><![CDATA[[Test worker] INFO com.guardtime.ksi.unisignature.verifier.KSISignatureVerifier - Starting to verify signature com.guardtime.ksi.unisignature.inmemory.InMemoryKsiSignature@dbd0c562 using policy Internal verification policy
[Test worker] INFO com.guardtime.ksi.unisignature.verifier.KSISignatureVerifier - Starting to verify signature com.guardtime.ksi.unisignature.inmemory.InMemoryKsiSignature@dbd0c562 using policy Internal verification policy
[Test worker] INFO com.guardtime.ksi.unisignature.verifier.KSISignatureVerifier - Starting to verify signature com.guardtime.ksi.unisignature.inmemory.InMemoryKsiSignature@dbd0c562 using policy Internal verification policy
[Test worker] INFO com.guardtime.ksi.unisignature.verifier.KSISignatureVerifier - Starting to verify signature com.guardtime.ksi.unisignature.inmemory.InMemoryKsiSignature@dbd0c562 using policy Internal verification policy
[Test worker] INFO com.guardtime.ksi.unisignature.verifier.KSISignatureVerifier - Starting to verify signature com.guardtime.ksi.unisignature.inmemory.InMemoryKsiSignature@dbd0c562 using policy Internal verification policy
[Test worker] INFO com.guardtime.ksi.unisignature.verifier.KSISignatureVerifier - Starting to verify signature com.guardtime.ksi.unisignature.inmemory.InMemoryKsiSignature@dbd0c562 using policy Internal verification policy
]]></system-err>
</testsuite>
